INFO  time: initialize in 0.22s
WARN  no build target: /home/robert/Code/Scala/example/src/main/scala/example/Lists.scala
INFO  running '/usr/lib/jvm/java-11-openjdk-amd64/bin/java -Djline.terminal=jline.UnsupportedTerminal -Dsbt.log.noformat=true -Dfile.encoding=UTF-8 -jar /tmp/metals17204436850035514404/sbt-launch.jar metalsEnable bloopInstall'
INFO  [info] Loading settings for project global-plugins from metals.sbt ...
INFO  [info] Loading global plugins from /home/robert/.sbt/1.0/plugins
INFO  [info] Updating ProjectRef(uri("file:/home/robert/.sbt/1.0/plugins/"), "global-plugins")...
INFO  no build target: using presentation compiler with only scala-library
INFO  [info] downloading https://repo1.maven.org/maven2/ch/epfl/scala/bloop-config_2.12/1.3.2/bloop-config_2.12-1.3.2.jar ...
INFO  [info] downloading https://repo1.maven.org/maven2/io/circe/circe-parser_2.12/0.9.3/circe-parser_2.12-0.9.3.jar ...
INFO  [info] downloading https://repo1.maven.org/maven2/io/circe/circe-derivation_2.12/0.9.0-M3/circe-derivation_2.12-0.9.0-M3.jar ...
INFO  [info] downloading https://repo1.maven.org/maven2/io/circe/circe-jawn_2.12/0.9.3/circe-jawn_2.12-0.9.3.jar ...
INFO  [info] downloading https://repo1.maven.org/maven2/ch/epfl/scala/sbt-bloop_2.12_1.0/1.3.2/sbt-bloop-1.3.2.jar ...
INFO  [info] downloading https://repo1.maven.org/maven2/org/scalameta/sbt-metals_2.12_1.0/0.6.1/sbt-metals-0.6.1.jar ...
INFO  [info] 	[SUCCESSFUL ] io.circe#circe-jawn_2.12;0.9.3!circe-jawn_2.12.jar (7072ms)
INFO  [info] downloading https://repo1.maven.org/maven2/io/circe/circe-core_2.12/0.9.3/circe-core_2.12-0.9.3.jar ...
INFO  [info] 	[SUCCESSFUL ] io.circe#circe-derivation_2.12;0.9.0-M3!circe-derivation_2.12.jar (7432ms)
INFO  [info] downloading https://repo1.maven.org/maven2/org/spire-math/jawn-parser_2.12/0.11.1/jawn-parser_2.12-0.11.1.jar ...
INFO  [info] 	[SUCCESSFUL ] io.circe#circe-parser_2.12;0.9.3!circe-parser_2.12.jar (8067ms)
INFO  [info] downloading https://repo1.maven.org/maven2/io/circe/circe-numbers_2.12/0.9.3/circe-numbers_2.12-0.9.3.jar ...
INFO  [info] 	[SUCCESSFUL ] ch.epfl.scala#sbt-bloop;1.3.2!sbt-bloop.jar (9418ms)
INFO  [info] downloading https://repo1.maven.org/maven2/org/typelevel/cats-core_2.12/1.0.1/cats-core_2.12-1.0.1.jar ...
INFO  [info] 	[SUCCESSFUL ] org.scalameta#sbt-metals;0.6.1!sbt-metals.jar (10145ms)
INFO  [info] downloading https://repo1.maven.org/maven2/org/typelevel/cats-macros_2.12/1.0.1/cats-macros_2.12-1.0.1.jar ...
INFO  [info] 	[SUCCESSFUL ] ch.epfl.scala#bloop-config_2.12;1.3.2!bloop-config_2.12.jar (10454ms)
INFO  [info] downloading https://repo1.maven.org/maven2/org/typelevel/cats-kernel_2.12/1.0.1/cats-kernel_2.12-1.0.1.jar ...
INFO  [info] 	[SUCCESSFUL ] org.spire-math#jawn-parser_2.12;0.11.1!jawn-parser_2.12.jar (5027ms)
INFO  [info] downloading https://repo1.maven.org/maven2/org/typelevel/machinist_2.12/0.6.2/machinist_2.12-0.6.2.jar ...
INFO  [info] 	[SUCCESSFUL ] io.circe#circe-numbers_2.12;0.9.3!circe-numbers_2.12.jar (4690ms)
INFO  [info] 	[SUCCESSFUL ] io.circe#circe-core_2.12;0.9.3!circe-core_2.12.jar (6449ms)
INFO  [info] 	[SUCCESSFUL ] org.typelevel#cats-macros_2.12;1.0.1!cats-macros_2.12.jar (5223ms)
INFO  [info] 	[SUCCESSFUL ] org.typelevel#machinist_2.12;0.6.2!machinist_2.12.jar (5736ms)
INFO  [info] 	[SUCCESSFUL ] org.typelevel#cats-kernel_2.12;1.0.1!cats-kernel_2.12.jar (15357ms)
INFO  [info] 	[SUCCESSFUL ] org.typelevel#cats-core_2.12;1.0.1!cats-core_2.12.jar (17020ms)
INFO  [info] Done updating.
INFO  [info] Loading settings for project example-build from buildSettings.sbt,plugins.sbt ...
INFO  [info] Loading project definition from /home/robert/Code/Scala/example/project
INFO  [info] Updating ProjectRef(uri("file:/home/robert/Code/Scala/example/project/"), "example-build")...
INFO  [info] Done updating.
INFO  [warn] There may be incompatibilities among your library dependencies; run 'evicted' to see detailed eviction warnings.
INFO  [success] Generated .bloop/example-build.json
INFO  [success] Total time: 6 s, completed 10 Apr 2020, 20:04:06
INFO  [info] Updating ProjectRef(uri("file:/home/robert/Code/Scala/example/project/"), "example-build")...
INFO  [info] Done updating.
INFO  [warn] There may be incompatibilities among your library dependencies; run 'evicted' to see detailed eviction warnings.
INFO  [info] Loading settings for project example from build.sbt,assignment.sbt ...
INFO  [info] Set current project to progfun1-example (in build file:/home/robert/Code/Scala/example/)
INFO  [info] Set current project to progfun1-example (in build file:/home/robert/Code/Scala/example/)
INFO  [info] semanticdb-scalac is enabled
INFO  [success] Generated .bloop/example-test.json
INFO  [success] Generated .bloop/example.json
INFO  [success] Total time: 1 s, completed 10 Apr 2020, 20:04:15
INFO  build tool exit: 0
INFO  time: ran 'sbt bloopInstall' in 2m27s
WARN  no build target: /home/robert/Code/Scala/example/src/main/scala/example/Lists.scala
WARN  no build target: 
WARN  no build target: /home/robert/Code/Scala/example/project/plugins.sbt
WARN  no build target: /home/robert/Code/Scala/example/build.sbt
INFO  shutting down Metals
INFO  time: initialize in 0.45s
INFO  skipping build import with status 'Installed'
WARN  no build target: /home/robert/Code/Scala/example/src/main/scala/example/Lists.scala
INFO  no build target: using presentation compiler with only scala-library
INFO  shutting down Metals
INFO  time: initialize in 0.46s
INFO  skipping build import with status 'Installed'
WARN  no build target: /home/robert/Code/Scala/example/src/main/scala/example/Lists.scala
INFO  no build target: using presentation compiler with only scala-library
WARN  no build target: /home/robert/Code/Scala/example/src/main/scala/example/Lists.scala
WARN  no build target: 
WARN  no build target: /home/robert/Code/Scala/example/src/main/scala/example/Lists.scala
WARN  no build target: 
INFO  shutting down Metals
INFO  time: initialize in 0.5s
INFO  skipping build import with status 'Installed'
WARN  no build target: /home/robert/Code/Scala/example/src/main/scala/example/Lists.scala
INFO  no build target: using presentation compiler with only scala-library
INFO  shutting down Metals
